app/build/intermediates/manifest_merge_blame_file/debug/manifest-merger-blame-debug-report.txt
1<?xml version="1.0" encoding="utf-8"?>
2<manifest xmlns:android="http://schemas.android.com/apk/res/android"
3    package="com.example.microstrong.coolweather"
4    android:versionCode="1"
5    android:versionName="1.0" >
6
7    <uses-sdk
8        android:minSdkVersion="17"
8-->src\main\AndroidManifest.xml
9        android:targetSdkVersion="24" />
9-->src\main\AndroidManifest.xml
10
11    <uses-permission android:name="android.permission.INTERNET" />
11-->src\main\AndroidManifest.xml:5:5-67
11-->src\main\AndroidManifest.xml:5:22-64
12
13    <application
13-->src\main\AndroidManifest.xml:7:5-29:19
14        android:name="org.litepal.LitePalApplication"
14-->src\main\AndroidManifest.xml:8:9-54
15        android:allowBackup="true"
15-->src\main\AndroidManifest.xml:9:9-35
16        android:debuggable="true"
17        android:icon="@drawable/logo2"
17-->src\main\AndroidManifest.xml:10:9-39
18        android:label="@string/app_name"
18-->src\main\AndroidManifest.xml:11:9-41
19        android:supportsRtl="true"
19-->src\main\AndroidManifest.xml:12:9-35
20        android:testOnly="true"
21        android:theme="@style/AppTheme" >
21-->src\main\AndroidManifest.xml:13:9-40
22        <activity android:name="com.example.microstrong.coolweather.MainActivity" >
22-->src\main\AndroidManifest.xml:14:9-20:20
22-->src\main\AndroidManifest.xml:14:19-47
23            <intent-filter>
23-->src\main\AndroidManifest.xml:15:13-19:29
24                <action android:name="android.intent.action.MAIN" />
24-->src\main\AndroidManifest.xml:16:17-69
24-->src\main\AndroidManifest.xml:16:25-66
25
26                <category android:name="android.intent.category.LAUNCHER" />
26-->src\main\AndroidManifest.xml:18:17-77
26-->src\main\AndroidManifest.xml:18:27-74
27            </intent-filter>
28        </activity>
29        <activity android:name="com.example.microstrong.coolweather.WeatherActivity" />
29-->src\main\AndroidManifest.xml:22:9-53
29-->src\main\AndroidManifest.xml:22:19-50
30
31        <service
31-->src\main\AndroidManifest.xml:24:9-27:39
32            android:name="com.example.microstrong.coolweather.service.AutoUpdateService"
32-->src\main\AndroidManifest.xml:25:13-54
33            android:enabled="true"
33-->src\main\AndroidManifest.xml:26:13-35
34            android:exported="true" />
34-->src\main\AndroidManifest.xml:27:13-36
35    </application>
36
37</manifest>